<?xml version="1.0" encoding="UTF-8"?>
<!-- Generated by org.testng.reporters.JUnitXMLReporter -->
<testsuite ignored="0" hostname="bhagyak" failures="0" tests="3" name="Default test" time="18.536" errors="0" timestamp="2026-07-23T16:25:28 IST">
  <testcase classname="Day6_TestNGTestcases.Parameterization_DataProvider" name="doLogin" time="1.861"/>
  <testcase classname="Day6_TestNGTestcases.Parameterization_DataProvider" name="doLogin" time="1.535"/>
  <testcase classname="Day6_TestNGTestcases.Parameterization_DataProvider" name="doLogin" time="1.315"/>
</testsuite> <!-- Default test -->
