<?xml version="1.0" encoding="UTF-8"?>
<!-- Generated by org.testng.reporters.JUnitXMLReporter -->
<testsuite ignored="3" hostname="bhagyak" failures="1" tests="2" name="Assertion_Annotation" time="0.05" errors="0" timestamp="2026-07-22T18:59:06 IST">
  <testcase classname="Day6_TestNGTestcases.Assertion_TestNG" name="doFailure" time="0.012">
    <failure type="java.lang.AssertionError" message="Intentianal Failure">
      <![CDATA[java.lang.AssertionError: Intentianal Failure
at Day6_TestNGTestcases.Assertion_TestNG.doFailure(Assertion_TestNG.java:37)
at java.base/java.util.ArrayList.forEach(ArrayList.java:1596)
... Removed 26 stack frames]]>
    </failure>
  </testcase> <!-- doFailure -->
  <testcase classname="Day6_TestNGTestcases.Annotations_TestNG" name="doLogin" time="0.001"/>
  <testcase classname="Day6_TestNGTestcases.Assertion_TestNG" name="verifyTitle" time="0.0">
    <ignored/>
  </testcase> <!-- verifyTitle -->
  <testcase classname="Day6_TestNGTestcases.Annotations_TestNG" name="doUserReg" time="0.0">
    <ignored/>
  </testcase> <!-- doUserReg -->
  <testcase classname="Day6_TestNGTestcases.Assertion_TestNG" name="doSkip" time="0.0">
    <ignored/>
  </testcase> <!-- doSkip -->
</testsuite> <!-- Assertion_Annotation -->
