<?xml version="1.0" encoding="UTF-8"?>
<!-- Generated by org.testng.reporters.JUnitXMLReporter -->
<testsuite ignored="0" hostname="bhagyak" failures="5" tests="13" name="BasicTest" time="9.64" errors="0" timestamp="2026-07-22T18:34:44 IST">
  <testcase classname="Day6_TestNGTestcases.Priority_Demo" name="login" time="0.018"/>
  <testcase classname="Day6_TestNGTestcases.Priority_Demo" name="register" time="0.005"/>
  <testcase classname="Day6_TestNGTestcases.SoftAssertDemo" name="verifyTitle" time="3.568">
    <failure type="java.lang.AssertionError" message="The following asserts failed:
	expected [12] but found [14],
	Title are not matching expected [true] but found [false]">
      <![CDATA[java.lang.AssertionError: The following asserts failed:
expected [12] but found [14],
Title are not matching expected [true] but found [false]
at Day6_TestNGTestcases.SoftAssertDemo.verifyTitle(SoftAssertDemo.java:28)
at java.base/java.util.ArrayList.forEach(ArrayList.java:1596)
... Removed 27 stack frames]]>
    </failure>
  </testcase> <!-- verifyTitle -->
  <testcase classname="Day6_TestNGTestcases.Annotations_TestNG" name="doLogin" time="0.006"/>
  <testcase classname="Day6_TestNGTestcases.Annotations_TestNG" name="doUserReg" time="0.025"/>
  <testcase classname="Day6_TestNGTestcases.Assertion_TestNG" name="doFailure" time="0.005">
    <failure type="java.lang.AssertionError" message="Intentianal Failure">
      <![CDATA[java.lang.AssertionError: Intentianal Failure
at Day6_TestNGTestcases.Assertion_TestNG.doFailure(Assertion_TestNG.java:37)
at java.base/java.util.ArrayList.forEach(ArrayList.java:1596)
... Removed 26 stack frames]]>
    </failure>
  </testcase> <!-- doFailure -->
  <testcase classname="Day6_TestNGTestcases.Assertion_TestNG" name="doSkip" time="0.003">
    <skipped/>
  </testcase> <!-- doSkip -->
  <testcase classname="Day6_TestNGTestcases.Assertion_TestNG" name="verifyTitle" time="3.922">
    <failure type="java.lang.AssertionError" message="Title are not matching expected [true] but found [false]">
      <![CDATA[java.lang.AssertionError: Title are not matching expected [true] but found [false]
at Day6_TestNGTestcases.Assertion_TestNG.verifyTitle(Assertion_TestNG.java:29)
at java.base/java.util.ArrayList.forEach(ArrayList.java:1596)
... Removed 28 stack frames]]>
    </failure>
  </testcase> <!-- verifyTitle -->
  <testcase classname="Day6_TestNGTestcases.TestCase1" name="doLogin" time="0.003"/>
  <testcase classname="Day6_TestNGTestcases.TestCase1" name="verifyTitle" time="1.804">
    <failure type="java.lang.AssertionError" message="expected [google] but found [Google]">
      <![CDATA[java.lang.AssertionError: expected [google] but found [Google]
at Day6_TestNGTestcases.TestCase1.verifyTitle(TestCase1.java:15)
at java.base/java.util.ArrayList.forEach(ArrayList.java:1596)
... Removed 31 stack frames]]>
    </failure>
  </testcase> <!-- verifyTitle -->
  <testcase classname="Day6_TestNGTestcases.DependsOnMethod" name="A" time="0.005"/>
  <testcase classname="Day6_TestNGTestcases.DependsOnMethod" name="register" time="0.012">
    <failure type="java.lang.AssertionError" message="expected [true] but found [false]">
      <![CDATA[java.lang.AssertionError: expected [true] but found [false]
at Day6_TestNGTestcases.DependsOnMethod.register(DependsOnMethod.java:10)
at java.base/java.util.ArrayList.forEach(ArrayList.java:1596)
... Removed 29 stack frames]]>
    </failure>
  </testcase> <!-- register -->
  <testcase classname="Day6_TestNGTestcases.DependsOnMethod" name="login" time="0.0">
    <skipped/>
  </testcase> <!-- login -->
</testsuite> <!-- BasicTest -->
