<?xml version="1.0" encoding="UTF-8"?>
<!-- Generated by org.testng.reporters.JUnitXMLReporter -->
<testsuite ignored="3" hostname="bhagyak" failures="0" tests="0" time="0.012" errors="0" timestamp="2026-07-22T18:59:06 IST">
  <testcase classname="Day6_TestNGTestcases.Priority_Demo" name="login" time="0.0">
    <ignored/>
  </testcase> <!-- login -->
  <testcase classname="Day6_TestNGTestcases.Priority_Demo" name="register" time="0.0">
    <ignored/>
  </testcase> <!-- register -->
  <testcase classname="Day6_TestNGTestcases.SoftAssertDemo" name="verifyTitle" time="0.0">
    <ignored/>
  </testcase> <!-- verifyTitle -->
</testsuite>
