<?xml version="1.0" encoding="UTF-8"?>
<testng-results ignored="0" total="2" passed="2" failed="0" skipped="0">
  <reporter-output>
  </reporter-output>
  <suite started-at="2026-07-22T19:14:46 IST" name="Compatability Test" finished-at="2026-07-22T19:15:05 IST" duration-ms="18390">
    <groups>
    </groups>
    <test started-at="2026-07-22T19:14:46 IST" name="Chrome Test" finished-at="2026-07-22T19:14:53 IST" duration-ms="7096">
      <class name="Day6_TestNGTestcases.Parameterization_XML">
        <test-method signature="openWebsite(java.lang.String,java.lang.String)[pri:0, instance:Day6_TestNGTestcases.Parameterization_XML@1bb5a082]" started-at="2026-07-22T19:14:46 IST" name="openWebsite" finished-at="2026-07-22T19:14:52 IST" duration-ms="5711" status="PASS">
          <params>
            <param index="0">
              <value>
                <![CDATA[chrome]]>
              </value>
            </param>
            <param index="1">
              <value>
                <![CDATA[https://google.com]]>
              </value>
            </param>
          </params>
          <reporter-output>
          </reporter-output>
        </test-method> <!-- openWebsite -->
        <test-method is-config="true" signature="closeBrowser()[pri:0, instance:Day6_TestNGTestcases.Parameterization_XML@1bb5a082]" started-at="2026-07-22T19:14:52 IST" name="closeBrowser" finished-at="2026-07-22T19:14:53 IST" duration-ms="1319" status="PASS">
          <reporter-output>
          </reporter-output>
        </test-method> <!-- closeBrowser -->
      </class> <!-- Day6_TestNGTestcases.Parameterization_XML -->
    </test> <!-- Chrome Test -->
    <test started-at="2026-07-22T19:14:46 IST" name="Firefox Test" finished-at="2026-07-22T19:15:05 IST" duration-ms="18390">
      <class name="Day6_TestNGTestcases.Parameterization_XML">
        <test-method signature="openWebsite(java.lang.String,java.lang.String)[pri:0, instance:Day6_TestNGTestcases.Parameterization_XML@61322f9d]" started-at="2026-07-22T19:14:46 IST" name="openWebsite" finished-at="2026-07-22T19:15:01 IST" duration-ms="14807" status="PASS">
          <params>
            <param index="0">
              <value>
                <![CDATA[firefox]]>
              </value>
            </param>
            <param index="1">
              <value>
                <![CDATA[https://redbus.com]]>
              </value>
            </param>
          </params>
          <reporter-output>
          </reporter-output>
        </test-method> <!-- openWebsite -->
        <test-method is-config="true" signature="closeBrowser()[pri:0, instance:Day6_TestNGTestcases.Parameterization_XML@61322f9d]" started-at="2026-07-22T19:15:01 IST" name="closeBrowser" finished-at="2026-07-22T19:15:05 IST" duration-ms="3516" status="PASS">
          <reporter-output>
          </reporter-output>
        </test-method> <!-- closeBrowser -->
      </class> <!-- Day6_TestNGTestcases.Parameterization_XML -->
    </test> <!-- Firefox Test -->
  </suite> <!-- Compatability Test -->
</testng-results>
