<?xml version="1.0" encoding="UTF-8"?>
<!-- Generated by org.testng.reporters.JUnitReportReporter -->
<testsuite hostname="bhagyak" failures="0" tests="2" name="Day6_TestNGTestcases.Parameterization_XML" time="25.353" errors="0" timestamp="2026-07-22T19:15:05 IST" skipped="0">
  <testcase classname="Day6_TestNGTestcases.Parameterization_XML" name="openWebsite" time="7.030"/>
  <testcase classname="Day6_TestNGTestcases.Parameterization_XML" name="openWebsite" time="18.323"/>
</testsuite> <!-- Day6_TestNGTestcases.Parameterization_XML -->
