<?xml version="1.0" encoding="UTF-8"?>
<!-- Generated by org.testng.reporters.JUnitReportReporter -->
<testsuite hostname="bhagyak" failures="0" tests="3" name="Day6_TestNGTestcases.Parameterization_DataProvider" time="17.996" errors="0" timestamp="2026-07-23T16:25:28 IST" skipped="0">
  <testcase classname="Day6_TestNGTestcases.Parameterization_DataProvider" name="doLogin" time="6.832"/>
  <testcase classname="Day6_TestNGTestcases.Parameterization_DataProvider" name="doLogin" time="5.683"/>
  <testcase classname="Day6_TestNGTestcases.Parameterization_DataProvider" name="doLogin" time="5.481"/>
</testsuite> <!-- Day6_TestNGTestcases.Parameterization_DataProvider -->
