<?xml version="1.0" encoding="UTF-8"?>
<!-- Generated by org.testng.reporters.JUnitReportReporter -->
<testsuite hostname="bhagyak" failures="0" tests="2" name="Day6_TestNGTestcases.Priority_Demo" time="0.009" errors="0" timestamp="2026-07-22T18:39:05 IST" skipped="0">
  <testcase classname="Day6_TestNGTestcases.Priority_Demo" name="login" time="0.006"/>
  <testcase classname="Day6_TestNGTestcases.Priority_Demo" name="register" time="0.003"/>
</testsuite> <!-- Day6_TestNGTestcases.Priority_Demo -->
