<?xml version="1.0" encoding="UTF-8"?>
<!-- Generated by org.testng.reporters.JUnitReportReporter -->
<testsuite hostname="bhagyak" failures="0" tests="2" name="Day6_TestNGTestcases.Annotations_TestNG" time="0.012" errors="0" timestamp="2026-07-17T19:11:00 IST" skipped="0">
  <testcase classname="Day6_TestNGTestcases.Annotations_TestNG" name="doLogin" time="0.008"/>
  <testcase classname="Day6_TestNGTestcases.Annotations_TestNG" name="doUserReg" time="0.004"/>
</testsuite> <!-- Day6_TestNGTestcases.Annotations_TestNG -->
